<?xml version="1.0" encoding="UTF-8"?>
<!-- Generated by org.testng.reporters.JUnitReportReporter -->
<testsuite hostname="LAPTOP-H5HPB0P3" failures="0" tests="1" name="restaurant_project.SeleniumTest" time="1.617" errors="0" timestamp="2023-02-02T14:58:23 SGT" skipped="0">
  <testcase classname="restaurant_project.SeleniumTest" name="testGetRestById" time="1.617"/>
</testsuite> <!-- restaurant_project.SeleniumTest -->
