<?xml version="1.0" encoding="UTF-8"?>
<!-- Generated by org.testng.reporters.JUnitReportReporter -->
<testsuite hostname="LAPTOP-H5HPB0P3" failures="0" tests="2" name="restaurant_project.NewTest" time="2.585" errors="0" timestamp="2023-02-01T14:45:37 SGT" skipped="0">
  <testcase classname="restaurant_project.NewTest" name="checkId" time="0.827"/>
  <testcase classname="restaurant_project.NewTest" name="checkTitle" time="1.758"/>
</testsuite> <!-- restaurant_project.NewTest -->
